INFO: [SIM 2] *************** CSIM start ***************
INFO: [SIM 4] CSIM will launch GCC as the compiler.
   Compiling(apcc) ../../../src/sha256_tb.c in debug mode
awk: symbol lookup error: awk: undefined symbol: mpfr_z_sub
INFO: [HLS 200-10] Running '/opt/Xilinx/Vivado_HLS/2016.4/bin/unwrapped/lnx64.o/apcc'
INFO: [HLS 200-10] For user 'brett' on host 'wintermute.thayer.dartmouth.edu' (Linux_x86_64 version 4.4.0-72-generic) on Tue Apr 11 14:19:33 EDT 2017
INFO: [HLS 200-10] On os Ubuntu 16.04.2 LTS
INFO: [HLS 200-10] In directory '/home/brett/Thesis/Vivado_WS/sha256/solution1/csim/build'
../../../src/sha256_tb.c:59:15: warning: passing 'unsigned char [32]' to parameter of type 'const char *' converts between pointers to integer types with different sign [-Wpointer-sign]
                if( strncmp(digest, sw_hash, 32) ) {
                            ^~~~~~
/usr/include/string.h:143:33: note: passing argument to parameter '__s1' here
extern int strncmp (const char *__s1, const char *__s2, size_t __n)
                                ^
../../../src/sha256_tb.c:59:23: warning: passing 'unsigned char [32]' to parameter of type 'const char *' converts between pointers to integer types with different sign [-Wpointer-sign]
                if( strncmp(digest, sw_hash, 32) ) {
                                    ^~~~~~~
/usr/include/string.h:143:51: note: passing argument to parameter '__s2' here
extern int strncmp (const char *__s1, const char *__s2, size_t __n)
                                                  ^
2 warnings generated.
../../../src/sha256_tb.c:59:15: warning: passing 'unsigned char [32]' to parameter of type 'const char *' converts between pointers to integer types with different sign [-Wpointer-sign]
                if( strncmp(digest, sw_hash, 32) ) {
                            ^~~~~~
/usr/include/string.h:143:33: note: passing argument to parameter '__s1' here
extern int strncmp (const char *__s1, const char *__s2, size_t __n)
                                ^
../../../src/sha256_tb.c:59:23: warning: passing 'unsigned char [32]' to parameter of type 'const char *' converts between pointers to integer types with different sign [-Wpointer-sign]
                if( strncmp(digest, sw_hash, 32) ) {
                                    ^~~~~~~
/usr/include/string.h:143:51: note: passing argument to parameter '__s2' here
extern int strncmp (const char *__s1, const char *__s2, size_t __n)
                                                  ^
2 warnings generated.
INFO: [APCC 202-3] Tmp directory is /tmp/apcc_db_brett/11501491934773534987
INFO: [APCC 202-1] APCC is done.
   Compiling(apcc) ../../../src/sha256_impl.c in debug mode
awk: symbol lookup error: awk: undefined symbol: mpfr_z_sub
INFO: [HLS 200-10] Running '/opt/Xilinx/Vivado_HLS/2016.4/bin/unwrapped/lnx64.o/apcc'
INFO: [HLS 200-10] For user 'brett' on host 'wintermute.thayer.dartmouth.edu' (Linux_x86_64 version 4.4.0-72-generic) on Tue Apr 11 14:19:34 EDT 2017
INFO: [HLS 200-10] On os Ubuntu 16.04.2 LTS
INFO: [HLS 200-10] In directory '/home/brett/Thesis/Vivado_WS/sha256/solution1/csim/build'
INFO: [APCC 202-3] Tmp directory is /tmp/apcc_db_brett/12071491934774815846
INFO: [APCC 202-1] APCC is done.
   Compiling(apcc) ../../../src/sha256.c in debug mode
awk: symbol lookup error: awk: undefined symbol: mpfr_z_sub
INFO: [HLS 200-10] Running '/opt/Xilinx/Vivado_HLS/2016.4/bin/unwrapped/lnx64.o/apcc'
INFO: [HLS 200-10] For user 'brett' on host 'wintermute.thayer.dartmouth.edu' (Linux_x86_64 version 4.4.0-72-generic) on Tue Apr 11 14:19:36 EDT 2017
INFO: [HLS 200-10] On os Ubuntu 16.04.2 LTS
INFO: [HLS 200-10] In directory '/home/brett/Thesis/Vivado_WS/sha256/solution1/csim/build'
INFO: [APCC 202-3] Tmp directory is /tmp/apcc_db_brett/12621491934776262046
INFO: [APCC 202-1] APCC is done.
   Generating csim.exe
Data to hash: ABCDEFGHIJKLMNOPQRSTUVWXYZABCDEFGHIJKLMNOPQRSTUVWXYZABCDEFGHIJKLMNOPQRSTUVWXYZABCDEFGHIJKLMNOPQRSTUVWXYZABCDEFGHIJKLMNOPQRSTUVWXYZABCDEFGHIJKLMNOPQRSTUVWXYZABCDEFGHIJKLMNOPQRSTUVWXYZABCDEFGHIJKLMNOPQRSTUVWXYZABCDEFGHIJKLMNOPQRSTUVWXYZABCDEFGHIJKLMNOPQRSTUV
Test 0, base: 0 length 0:
SHA256_SW: E3 B0 C4 42 98 FC 1C 14 9A FB F4 C8 99 6F B9 24 27 AE 41 E4 64 9B 93 4C A4 95 99 1B 78 52 B8 55 

SHA256_HW: E3 B0 C4 42 98 FC 1C 14 9A FB F4 C8 99 6F B9 24 27 AE 41 E4 64 9B 93 4C A4 95 99 1B 78 52 B8 55 
PASSED

Test 1, base: 1 length 1:
SHA256_SW: DF 7E 70 E5 02 15 44 F4 83 4B BE E6 4A 9E 37 89 FE BC 4B E8 14 70 DF 62 9C AD 6D DB 03 32 0A 5C 

SHA256_HW: DF 7E 70 E5 02 15 44 F4 83 4B BE E6 4A 9E 37 89 FE BC 4B E8 14 70 DF 62 9C AD 6D DB 03 32 0A 5C 
PASSED

Test 2, base: 0 length 64:
SHA256_SW: 9B 0C 35 67 68 3F 6D 51 98 D7 14 B0 0C 40 DF 30 39 F7 71 7B A5 CA 65 C2 B6 61 76 88 B6 3B 42 FA 

SHA256_HW: 9B 0C 35 67 68 3F 6D 51 98 D7 14 B0 0C 40 DF 30 39 F7 71 7B A5 CA 65 C2 B6 61 76 88 B6 3B 42 FA 
PASSED

Test 3, base: 3 length 127:
SHA256_SW: A2 23 36 C2 73 7D D7 47 79 DF DB 12 3C 07 3A 04 47 5B 9C 4F 5E F2 E0 F7 A5 CB 27 09 DF 85 31 CE 

SHA256_HW: A2 23 36 C2 73 7D D7 47 79 DF DB 12 3C 07 3A 04 47 5B 9C 4F 5E F2 E0 F7 A5 CB 27 09 DF 85 31 CE 
PASSED

Test 4, base: 0 length 256:
SHA256_SW: 6C 50 76 06 1B 0C C3 1F 39 87 76 7C 06 2C D1 33 AB 13 07 34 A0 B8 18 4C 65 D0 65 88 18 23 B9 92 

SHA256_HW: 6C 50 76 06 1B 0C C3 1F 39 87 76 7C 06 2C D1 33 AB 13 07 34 A0 B8 18 4C 65 D0 65 88 18 23 B9 92 
PASSED

INFO: [SIM 1] CSim done with 0 errors.
INFO: [SIM 3] *************** CSIM finish ***************
