Data to hash: ABCDEFGHIJKLMNOPQRSTUVWXYZABCDEFGHIJKLMNOPQRSTUVWXYZABCDEFGHIJKLMNOPQRSTUVWXYZABCDEFGHIJKLMNOPQRSTUVWXYZABCDEFGHIJKLMNOPQRSTUVWXYZABCDEFGHIJKLMNOPQRSTUVWXYZABCDEFGHIJKLMNOPQRSTUVWXYZABCDEFGHIJKLMNOPQRSTUVWXYZABCDEFGHIJKLMNOPQRSTUVWXYZABCDEFGHIJKLMNOPQRSTUV

Test 0, base: 0 length 0:
SHA256_SW: E3 B0 C4 42 98 FC 1C 14 9A FB F4 C8 99 6F B9 24 27 AE 41 E4 64 9B 93 4C A4 95 99 1B 78 52 B8 55 
SHA256_HW: E3 B0 C4 42 98 FC 1C 14 9A FB F4 C8 99 6F B9 24 27 AE 41 E4 64 9B 93 4C A4 95 99 1B 78 52 B8 55 
PASSED

Test 1, base: 1 length 1:
SHA256_SW: DF 7E 70 E5 02 15 44 F4 83 4B BE E6 4A 9E 37 89 FE BC 4B E8 14 70 DF 62 9C AD 6D DB 03 32 0A 5C 
SHA256_HW: DF 7E 70 E5 02 15 44 F4 83 4B BE E6 4A 9E 37 89 FE BC 4B E8 14 70 DF 62 9C AD 6D DB 03 32 0A 5C 
PASSED

Test 2, base: 0 length 64:
SHA256_SW: 9B 0C 35 67 68 3F 6D 51 98 D7 14 B0 0C 40 DF 30 39 F7 71 7B A5 CA 65 C2 B6 61 76 88 B6 3B 42 FA 
SHA256_HW: 9B 0C 35 67 68 3F 6D 51 98 D7 14 B0 0C 40 DF 30 39 F7 71 7B A5 CA 65 C2 B6 61 76 88 B6 3B 42 FA 
PASSED

Test 3, base: 3 length 127:
SHA256_SW: A2 23 36 C2 73 7D D7 47 79 DF DB 12 3C 07 3A 04 47 5B 9C 4F 5E F2 E0 F7 A5 CB 27 09 DF 85 31 CE 
SHA256_HW: A2 23 36 C2 73 7D D7 47 79 DF DB 12 3C 07 3A 04 47 5B 9C 4F 5E F2 E0 F7 A5 CB 27 09 DF 85 31 CE 
PASSED

Test 4, base: 0 length 256:
SHA256_SW: 6C 50 76 06 1B 0C C3 1F 39 87 76 7C 06 2C D1 33 AB 13 07 34 A0 B8 18 4C 65 D0 65 88 18 23 B9 92 
SHA256_HW: 6C 50 76 06 1B 0C C3 1F 39 87 76 7C 06 2C D1 33 AB 13 07 34 A0 B8 18 4C 65 D0 65 88 18 23 B9 92 
PASSED

awk: symbol lookup error: awk: undefined symbol: mpfr_z_sub
INFO: [XSIM 43-3496] Using init file passed via -initfile option "/opt/Xilinx/Vivado/2016.4/data/xsim/ip/xsim_ip.ini".
Vivado Simulator 2016.4
Copyright 1986-1999, 2001-2016 Xilinx, Inc. All Rights Reserved.
Running: /opt/Xilinx/Vivado/2016.4/bin/unwrapped/lnx64.o/xelab xil_defaultlib.apatb_sha256_top -prj sha256.prj --initfile /opt/Xilinx/Vivado/2016.4/data/xsim/ip/xsim_ip.ini --lib ieee_proposed=./ieee_proposed -s sha256 
Multi-threading is on. Using 6 slave threads.
Determining compilation order of HDL files.
WARNING: [XSIM 43-3431] One or more environment variables have been detected which affect the operation of the C compiler. These are typically not set in standard installations and are not tested by Xilinx, however they may be appropriate for your system, so the flow will attempt to continue.  If errors occur, try running fuse with the "-mt off -v 1" switches to see more information from the C compiler. The following environment variables have been detected:
    LIBRARY_PATH
INFO: [VRFC 10-163] Analyzing VHDL file "/home/brett/Thesis/Vivado_WS/sha256/solution1/sim/vhdl/AESL_sim_pkg.vhd" into library xil_defaultlib
INFO: [VRFC 10-163] Analyzing VHDL file "/home/brett/Thesis/Vivado_WS/sha256/solution1/sim/vhdl/sha256_sha256ctx_bkb.vhd" into library xil_defaultlib
INFO: [VRFC 10-307] analyzing entity sha256_sha256ctx_bkb_ram
INFO: [VRFC 10-307] analyzing entity sha256_sha256ctx_bkb
INFO: [VRFC 10-163] Analyzing VHDL file "/home/brett/Thesis/Vivado_WS/sha256/solution1/sim/vhdl/sha256.vhd" into library xil_defaultlib
INFO: [VRFC 10-307] analyzing entity sha256
INFO: [VRFC 10-163] Analyzing VHDL file "/home/brett/Thesis/Vivado_WS/sha256/solution1/sim/vhdl/sha256_final.vhd" into library xil_defaultlib
INFO: [VRFC 10-307] analyzing entity sha256_final
INFO: [VRFC 10-163] Analyzing VHDL file "/home/brett/Thesis/Vivado_WS/sha256/solution1/sim/vhdl/sha256.autotb.vhd" into library xil_defaultlib
INFO: [VRFC 10-307] analyzing entity apatb_sha256_top
INFO: [VRFC 10-163] Analyzing VHDL file "/home/brett/Thesis/Vivado_WS/sha256/solution1/sim/vhdl/sha256_transform_m.vhd" into library xil_defaultlib
INFO: [VRFC 10-307] analyzing entity sha256_transform_m_ram
INFO: [VRFC 10-307] analyzing entity sha256_transform_m
INFO: [VRFC 10-163] Analyzing VHDL file "/home/brett/Thesis/Vivado_WS/sha256/solution1/sim/vhdl/sha256_transform_k.vhd" into library xil_defaultlib
INFO: [VRFC 10-307] analyzing entity sha256_transform_k_rom
INFO: [VRFC 10-307] analyzing entity sha256_transform_k
INFO: [VRFC 10-163] Analyzing VHDL file "/home/brett/Thesis/Vivado_WS/sha256/solution1/sim/vhdl/sha256_seg_buf.vhd" into library xil_defaultlib
INFO: [VRFC 10-307] analyzing entity sha256_seg_buf_ram
INFO: [VRFC 10-307] analyzing entity sha256_seg_buf
INFO: [VRFC 10-163] Analyzing VHDL file "/home/brett/Thesis/Vivado_WS/sha256/solution1/sim/vhdl/sha256_transform.vhd" into library xil_defaultlib
INFO: [VRFC 10-307] analyzing entity sha256_transform
INFO: [VRFC 10-163] Analyzing VHDL file "/home/brett/Thesis/Vivado_WS/sha256/solution1/sim/vhdl/sha256_AXILiteS_s_axi.vhd" into library xil_defaultlib
INFO: [VRFC 10-307] analyzing entity sha256_AXILiteS_s_axi
INFO: [VRFC 10-307] analyzing entity sha256_AXILiteS_s_axi_ram
INFO: [VRFC 10-163] Analyzing VHDL file "/home/brett/Thesis/Vivado_WS/sha256/solution1/sim/vhdl/AESL_axi_slave_AXILiteS.vhd" into library xil_defaultlib
INFO: [VRFC 10-307] analyzing entity AESL_axi_slave_AXILiteS
INFO: [VRFC 10-163] Analyzing VHDL file "/home/brett/Thesis/Vivado_WS/sha256/solution1/sim/vhdl/sha256_update.vhd" into library xil_defaultlib
INFO: [VRFC 10-307] analyzing entity sha256_update
Starting static elaboration
WARNING: [VRFC 10-1303] range is empty (null range) [/wrk/xcohdnobkup4/fengc/exp/HEAD/data/vhdl/src/ieee_2008/numeric_std-body.vhdl:3476]
WARNING: [VRFC 10-1303] range is empty (null range) [/wrk/xcohdnobkup4/fengc/exp/HEAD/data/vhdl/src/ieee_2008/numeric_std-body.vhdl:3476]
Completed static elaboration
Starting simulation data flow analysis
Completed simulation data flow analysis
Time Resolution for simulation is 1ps
Compiling package std.standard
Compiling package std.textio
Compiling package ieee.std_logic_1164
Compiling package ieee.std_logic_arith
Compiling package ieee.std_logic_unsigned
Compiling package ieee.numeric_std
Compiling package ieee.std_logic_textio
Compiling architecture behave of entity xil_defaultlib.sha256_AXILiteS_s_axi_ram [\sha256_AXILiteS_s_axi_ram(depth...]
Compiling architecture behave of entity xil_defaultlib.sha256_AXILiteS_s_axi_ram [\sha256_AXILiteS_s_axi_ram(depth...]
Compiling architecture behave of entity xil_defaultlib.sha256_AXILiteS_s_axi [sha256_axilites_s_axi_default]
Compiling architecture rtl of entity xil_defaultlib.sha256_seg_buf_ram [\sha256_seg_buf_ram(1,5)\]
Compiling architecture arch of entity xil_defaultlib.sha256_seg_buf [sha256_seg_buf_default]
Compiling architecture rtl of entity xil_defaultlib.sha256_sha256ctx_bkb_ram [\sha256_sha256ctx_bkb_ram(1,5)\]
Compiling architecture arch of entity xil_defaultlib.sha256_sha256ctx_bkb [sha256_sha256ctx_bkb_default]
Compiling architecture rtl of entity xil_defaultlib.sha256_transform_k_rom [sha256_transform_k_rom_default]
Compiling architecture arch of entity xil_defaultlib.sha256_transform_k [sha256_transform_k_default]
Compiling architecture rtl of entity xil_defaultlib.sha256_transform_m_ram [\sha256_transform_m_ram(1,5)\]
Compiling architecture arch of entity xil_defaultlib.sha256_transform_m [sha256_transform_m_default]
Compiling architecture behav of entity xil_defaultlib.sha256_transform [sha256_transform_default]
Compiling architecture behav of entity xil_defaultlib.sha256_final [sha256_final_default]
Compiling architecture behav of entity xil_defaultlib.sha256_update [sha256_update_default]
Compiling architecture behav of entity xil_defaultlib.sha256 [sha256_default]
Compiling architecture behav of entity xil_defaultlib.AESL_axi_slave_AXILiteS [aesl_axi_slave_axilites_default]
Compiling architecture behav of entity xil_defaultlib.apatb_sha256_top
Built simulation snapshot sha256
awk: symbol lookup error: awk: undefined symbol: mpfr_z_sub

****** Webtalk v2016.4 (64-bit)
  **** SW Build 1756540 on Mon Jan 23 19:11:19 MST 2017
  **** IP Build 1755317 on Mon Jan 23 20:30:07 MST 2017
    ** Copyright 1986-2016 Xilinx, Inc. All Rights Reserved.

source /home/brett/Thesis/Vivado_WS/sha256/solution1/sim/vhdl/xsim.dir/sha256/webtalk/xsim_webtalk.tcl -notrace
INFO: [Common 17-186] '/home/brett/Thesis/Vivado_WS/sha256/solution1/sim/vhdl/xsim.dir/sha256/webtalk/usage_statistics_ext_xsim.xml' has been successfully sent to Xilinx on Tue Apr 11 14:24:37 2017. For additional details about this file, please refer to the WebTalk help file at /opt/Xilinx/Vivado/2016.4/doc/webtalk_introduction.html.
INFO: [Common 17-206] Exiting Webtalk at Tue Apr 11 14:24:37 2017...
awk: symbol lookup error: awk: undefined symbol: mpfr_z_sub

****** xsim v2016.4 (64-bit)
  **** SW Build 1756540 on Mon Jan 23 19:11:19 MST 2017
  **** IP Build 1755317 on Mon Jan 23 20:30:07 MST 2017
    ** Copyright 1986-2016 Xilinx, Inc. All Rights Reserved.

source xsim.dir/sha256/xsim_script.tcl
# xsim {sha256} -autoloadwcfg -tclbatch {sha256.tcl}
Vivado Simulator 2016.4
Time resolution is 1 ps
source sha256.tcl
## run all
Note: simulation done!
Time: 114748 ns  Iteration: 1  Process: /apatb_sha256_top/generate_sim_done_proc  File: /home/brett/Thesis/Vivado_WS/sha256/solution1/sim/vhdl/sha256.autotb.vhd
Failure: NORMAL EXIT (note: failure is to force the simulator to stop)
Time: 114748 ns  Iteration: 1  Process: /apatb_sha256_top/generate_sim_done_proc  File: /home/brett/Thesis/Vivado_WS/sha256/solution1/sim/vhdl/sha256.autotb.vhd
$finish called at time : 114748 ns
## quit
INFO: [Common 17-206] Exiting xsim at Tue Apr 11 14:24:44 2017...
Data to hash: ABCDEFGHIJKLMNOPQRSTUVWXYZABCDEFGHIJKLMNOPQRSTUVWXYZABCDEFGHIJKLMNOPQRSTUVWXYZABCDEFGHIJKLMNOPQRSTUVWXYZABCDEFGHIJKLMNOPQRSTUVWXYZABCDEFGHIJKLMNOPQRSTUVWXYZABCDEFGHIJKLMNOPQRSTUVWXYZABCDEFGHIJKLMNOPQRSTUVWXYZABCDEFGHIJKLMNOPQRSTUVWXYZABCDEFGHIJKLMNOPQRSTUV

Test 0, base: 0 length 0:
SHA256_SW: E3 B0 C4 42 98 FC 1C 14 9A FB F4 C8 99 6F B9 24 27 AE 41 E4 64 9B 93 4C A4 95 99 1B 78 52 B8 55 
SHA256_HW: E3 B0 C4 42 98 FC 1C 14 9A FB F4 C8 99 6F B9 24 27 AE 41 E4 64 9B 93 4C A4 95 99 1B 78 52 B8 55 
PASSED

Test 1, base: 1 length 1:
SHA256_SW: DF 7E 70 E5 02 15 44 F4 83 4B BE E6 4A 9E 37 89 FE BC 4B E8 14 70 DF 62 9C AD 6D DB 03 32 0A 5C 
SHA256_HW: DF 7E 70 E5 02 15 44 F4 83 4B BE E6 4A 9E 37 89 FE BC 4B E8 14 70 DF 62 9C AD 6D DB 03 32 0A 5C 
PASSED

Test 2, base: 0 length 64:
SHA256_SW: 9B 0C 35 67 68 3F 6D 51 98 D7 14 B0 0C 40 DF 30 39 F7 71 7B A5 CA 65 C2 B6 61 76 88 B6 3B 42 FA 
SHA256_HW: 9B 0C 35 67 68 3F 6D 51 98 D7 14 B0 0C 40 DF 30 39 F7 71 7B A5 CA 65 C2 B6 61 76 88 B6 3B 42 FA 
PASSED

Test 3, base: 3 length 127:
SHA256_SW: A2 23 36 C2 73 7D D7 47 79 DF DB 12 3C 07 3A 04 47 5B 9C 4F 5E F2 E0 F7 A5 CB 27 09 DF 85 31 CE 
SHA256_HW: A2 23 36 C2 73 7D D7 47 79 DF DB 12 3C 07 3A 04 47 5B 9C 4F 5E F2 E0 F7 A5 CB 27 09 DF 85 31 CE 
PASSED

Test 4, base: 0 length 256:
SHA256_SW: 6C 50 76 06 1B 0C C3 1F 39 87 76 7C 06 2C D1 33 AB 13 07 34 A0 B8 18 4C 65 D0 65 88 18 23 B9 92 
SHA256_HW: 6C 50 76 06 1B 0C C3 1F 39 87 76 7C 06 2C D1 33 AB 13 07 34 A0 B8 18 4C 65 D0 65 88 18 23 B9 92 
PASSED

